[2022-01-29T22:24:59.341] [DEBUG] cheese - login => username:zs,password:123456
[2022-01-29T22:24:59.344] [DEBUG] cheese - zs
[2022-01-29T22:24:59.360] [DEBUG] cheese - null
[2022-01-29T22:24:59.361] [DEBUG] cheese - null
[2022-01-29T22:25:32.936] [DEBUG] cheese - login => username:admin,password:123456
[2022-01-29T22:25:32.936] [DEBUG] cheese - admin
[2022-01-29T22:25:32.942] [DEBUG] cheese - null
[2022-01-29T22:25:32.942] [DEBUG] cheese - null
[2022-01-31T23:46:36.476] [DEBUG] cheese - login => username:admin,password:123456
[2022-01-31T23:46:36.478] [DEBUG] cheese - admin
[2022-01-31T23:46:36.503] [DEBUG] cheese - null
[2022-01-31T23:46:36.504] [DEBUG] cheese - null
[2022-02-13T00:55:36.717] [DEBUG] cheese - login => username:admin,password:123456
[2022-02-13T00:55:36.720] [DEBUG] cheese - admin
[2022-02-13T00:55:36.732] [DEBUG] cheese - null
[2022-02-13T00:55:36.733] [DEBUG] cheese - null
[2022-02-15T00:24:37.200] [DEBUG] cheese - login => username:zs1,password:123sdsfsdf
[2022-02-15T00:24:37.201] [DEBUG] cheese - zs1
[2022-02-15T00:24:37.216] [DEBUG] cheese - null
[2022-02-15T00:24:37.216] [DEBUG] cheese - null
[2022-02-15T00:25:49.805] [DEBUG] cheese - login => username:zs12,password:123fdafaf
[2022-02-15T00:25:49.805] [DEBUG] cheese - zs12
[2022-02-15T00:25:49.813] [DEBUG] cheese - null
[2022-02-15T00:25:49.813] [DEBUG] cheese - null
[2022-02-15T00:45:32.763] [DEBUG] cheese - login => username:zs2,password:123scsc
[2022-02-15T00:45:32.764] [DEBUG] cheese - zs2
[2022-02-15T00:45:32.771] [DEBUG] cheese - null
[2022-02-15T00:45:32.771] [DEBUG] cheese - null
[2022-02-15T00:45:38.401] [DEBUG] cheese - login => username:zs2242,password:123scsc
[2022-02-15T00:45:38.402] [DEBUG] cheese - zs2242
[2022-02-15T00:45:38.404] [DEBUG] cheese - null
[2022-02-15T00:45:38.405] [DEBUG] cheese - null
[2022-02-15T00:45:45.411] [DEBUG] cheese - login => username:zs424,password:123424242
[2022-02-15T00:45:45.411] [DEBUG] cheese - zs424
[2022-02-15T00:45:45.413] [DEBUG] cheese - null
[2022-02-15T00:45:45.413] [DEBUG] cheese - null
[2022-02-15T00:46:16.899] [DEBUG] cheese - login => username:zs22,password:12322222
[2022-02-15T00:46:16.899] [DEBUG] cheese - zs22
[2022-02-15T00:46:16.901] [DEBUG] cheese - null
[2022-02-15T00:46:16.901] [DEBUG] cheese - null
[2022-02-15T00:47:00.525] [DEBUG] cheese - login => username:zs242,password:1234224242
[2022-02-15T00:47:00.526] [DEBUG] cheese - zs242
[2022-02-15T00:47:00.527] [DEBUG] cheese - null
[2022-02-15T00:47:00.528] [DEBUG] cheese - null
[2022-02-15T00:47:14.698] [DEBUG] cheese - login => username:zs222,password:2222222
[2022-02-15T00:47:14.698] [DEBUG] cheese - zs222
[2022-02-15T00:47:14.701] [DEBUG] cheese - null
[2022-02-15T00:47:14.701] [DEBUG] cheese - null
[2022-02-15T00:49:43.515] [DEBUG] cheese - login => username:zs2424,password:12324242
[2022-02-15T00:49:43.515] [DEBUG] cheese - zs2424
[2022-02-15T00:49:43.521] [DEBUG] cheese - null
[2022-02-15T00:49:43.521] [DEBUG] cheese - null
[2022-02-15T00:49:56.961] [DEBUG] cheese - login => username:admin,password:123456
[2022-02-15T00:49:56.961] [DEBUG] cheese - admin
[2022-02-15T00:49:56.965] [DEBUG] cheese - null
[2022-02-15T00:49:56.965] [DEBUG] cheese - null
[2022-02-15T01:05:57.091] [DEBUG] cheese - login => username:admin,password:123456
[2022-02-15T01:05:57.091] [DEBUG] cheese - admin
[2022-02-15T01:05:57.098] [DEBUG] cheese - null
[2022-02-15T01:05:57.098] [DEBUG] cheese - null
[2022-02-15T01:06:00.360] [DEBUG] cheese - login => username:admin,password:1234567
[2022-02-15T01:06:00.360] [DEBUG] cheese - admin
[2022-02-15T01:06:00.363] [DEBUG] cheese - null
[2022-02-15T01:06:00.363] [DEBUG] cheese - null
[2022-02-15T01:06:13.689] [DEBUG] cheese - login => username:admin,password:123456
[2022-02-15T01:06:13.689] [DEBUG] cheese - admin
[2022-02-15T01:06:13.691] [DEBUG] cheese - null
[2022-02-15T01:06:13.691] [DEBUG] cheese - null
[2022-02-15T01:09:30.761] [DEBUG] cheese - login => username:admin,password:123456
[2022-02-15T01:09:30.762] [DEBUG] cheese - admin
[2022-02-15T01:09:30.768] [DEBUG] cheese - null
[2022-02-15T01:09:30.768] [DEBUG] cheese - null
[2022-02-15T01:12:14.142] [DEBUG] cheese - login => username:admin,password:123456
[2022-02-15T01:12:14.142] [DEBUG] cheese - admin
[2022-02-15T01:12:14.150] [DEBUG] cheese - null
[2022-02-15T01:12:14.150] [DEBUG] cheese - null
[2022-02-15T01:30:22.604] [DEBUG] cheese - login => username:admin,password:123456
[2022-02-15T01:30:22.604] [DEBUG] cheese - admin
[2022-02-15T01:30:22.611] [DEBUG] cheese - null
[2022-02-15T01:30:22.611] [DEBUG] cheese - null
[2022-02-15T01:51:42.352] [DEBUG] cheese - login => username:admin,password:123456
[2022-02-15T01:51:42.353] [DEBUG] cheese - admin
[2022-02-15T01:51:42.359] [DEBUG] cheese - null
[2022-02-15T01:51:42.359] [DEBUG] cheese - null
[2022-02-15T02:03:54.975] [DEBUG] cheese - login => username:admin,password:123456
[2022-02-15T02:03:54.976] [DEBUG] cheese - admin
[2022-02-15T02:03:54.983] [DEBUG] cheese - null
[2022-02-15T02:03:54.983] [DEBUG] cheese - null
[2022-02-15T02:35:41.361] [DEBUG] cheese - login => username:admin,password:123456
[2022-02-15T02:35:41.361] [DEBUG] cheese - admin
[2022-02-15T02:35:41.369] [DEBUG] cheese - null
[2022-02-15T02:35:41.369] [DEBUG] cheese - null
[2022-02-15T02:48:49.048] [DEBUG] cheese - login => username:admin,password:123456
[2022-02-15T02:48:49.048] [DEBUG] cheese - admin
[2022-02-15T02:48:49.054] [DEBUG] cheese - null
[2022-02-15T02:48:49.054] [DEBUG] cheese - null
[2022-02-15T03:35:27.804] [DEBUG] cheese - login => username:admin,password:123456
[2022-02-15T03:35:27.804] [DEBUG] cheese - admin
[2022-02-15T03:35:27.812] [DEBUG] cheese - null
[2022-02-15T03:35:27.812] [DEBUG] cheese - null
[2022-02-15T03:42:12.211] [DEBUG] cheese - login => username:admin,password:123456
[2022-02-15T03:42:12.211] [DEBUG] cheese - admin
[2022-02-15T03:42:12.218] [DEBUG] cheese - null
[2022-02-15T03:42:12.219] [DEBUG] cheese - null
[2022-02-15T04:01:51.557] [DEBUG] cheese - login => username:admin,password:123456
[2022-02-15T04:01:51.558] [DEBUG] cheese - admin
[2022-02-15T04:01:51.562] [DEBUG] cheese - null
[2022-02-15T04:01:51.563] [DEBUG] cheese - null
[2022-02-15T04:07:15.717] [DEBUG] cheese - login => username:admin,password:123456
[2022-02-15T04:07:15.717] [DEBUG] cheese - admin
[2022-02-15T04:07:15.722] [DEBUG] cheese - null
[2022-02-15T04:07:15.722] [DEBUG] cheese - null
[2022-02-15T04:22:16.106] [DEBUG] cheese - login => username:admin,password:123456
[2022-02-15T04:22:16.107] [DEBUG] cheese - admin
[2022-02-15T04:22:16.110] [DEBUG] cheese - null
[2022-02-15T04:22:16.110] [DEBUG] cheese - null
[2022-02-15T04:24:13.715] [DEBUG] cheese - login => username:admin,password:123456
[2022-02-15T04:24:13.715] [DEBUG] cheese - admin
[2022-02-15T04:24:13.717] [DEBUG] cheese - null
[2022-02-15T04:24:13.717] [DEBUG] cheese - null
[2022-02-15T04:40:32.108] [DEBUG] cheese - login => username:admin,password:123456
[2022-02-15T04:40:32.108] [DEBUG] cheese - admin
[2022-02-15T04:40:32.112] [DEBUG] cheese - null
[2022-02-15T04:40:32.112] [DEBUG] cheese - null
[2022-02-15T04:42:33.135] [DEBUG] cheese - login => username:admin,password:123456
[2022-02-15T04:42:33.135] [DEBUG] cheese - admin
[2022-02-15T04:42:33.136] [DEBUG] cheese - null
[2022-02-15T04:42:33.136] [DEBUG] cheese - null
[2022-02-15T14:08:13.781] [DEBUG] cheese - login => username:admin,password:123456
[2022-02-15T14:08:13.782] [DEBUG] cheese - admin
[2022-02-15T14:08:13.793] [DEBUG] cheese - null
[2022-02-15T14:08:13.793] [DEBUG] cheese - null
[2022-02-15T14:52:30.279] [DEBUG] cheese - login => username:admin,password:123456
[2022-02-15T14:52:30.280] [DEBUG] cheese - admin
[2022-02-15T14:52:30.299] [DEBUG] cheese - null
[2022-02-15T14:52:30.299] [DEBUG] cheese - null
[2022-02-15T16:03:57.047] [DEBUG] cheese - login => username:admin,password:123456
[2022-02-15T16:03:57.047] [DEBUG] cheese - admin
[2022-02-15T16:03:57.060] [DEBUG] cheese - null
[2022-02-15T16:03:57.060] [DEBUG] cheese - null
[2022-02-15T16:37:39.158] [DEBUG] cheese - login => username:admin,password:123456
[2022-02-15T16:37:39.158] [DEBUG] cheese - admin
[2022-02-15T16:37:39.161] [DEBUG] cheese - null
[2022-02-15T16:37:39.161] [DEBUG] cheese - null
[2022-02-15T18:36:50.201] [DEBUG] cheese - login => username:admin,password:123456
[2022-02-15T18:36:50.201] [DEBUG] cheese - admin
[2022-02-15T18:36:50.207] [DEBUG] cheese - null
[2022-02-15T18:36:50.207] [DEBUG] cheese - null
[2022-02-15T20:36:15.534] [DEBUG] cheese - login => username:admin,password:123456
[2022-02-15T20:36:15.535] [DEBUG] cheese - admin
[2022-02-15T20:36:15.543] [DEBUG] cheese - null
[2022-02-15T20:36:15.543] [DEBUG] cheese - null
[2022-02-15T22:44:38.315] [DEBUG] cheese - login => username:admin,password:123456
[2022-02-15T22:44:38.316] [DEBUG] cheese - admin
[2022-02-15T22:44:38.321] [DEBUG] cheese - null
[2022-02-15T22:44:38.321] [DEBUG] cheese - null
[2022-02-15T23:35:57.942] [DEBUG] cheese - login => username:admin,password:123456
[2022-02-15T23:35:57.942] [DEBUG] cheese - admin
[2022-02-15T23:35:57.945] [DEBUG] cheese - null
[2022-02-15T23:35:57.945] [DEBUG] cheese - null
[2022-02-15T23:47:51.996] [DEBUG] cheese - login => username:admin,password:123456
[2022-02-15T23:47:51.996] [DEBUG] cheese - admin
[2022-02-15T23:47:52.000] [DEBUG] cheese - null
[2022-02-15T23:47:52.000] [DEBUG] cheese - null
[2022-02-16T01:03:45.453] [DEBUG] cheese - login => username:admin,password:123456
[2022-02-16T01:03:45.454] [DEBUG] cheese - admin
[2022-02-16T01:03:45.469] [DEBUG] cheese - null
[2022-02-16T01:03:45.469] [DEBUG] cheese - null
[2022-02-16T02:28:10.624] [DEBUG] cheese - null
[2022-02-16T02:52:40.497] [DEBUG] cheese - login => username:admin,password:123456
[2022-02-16T02:52:40.498] [DEBUG] cheese - admin
[2022-02-16T02:52:40.501] [DEBUG] cheese - null
[2022-02-16T02:52:40.501] [DEBUG] cheese - null
[2022-02-16T16:07:16.490] [DEBUG] cheese - null
[2022-02-16T21:54:20.697] [DEBUG] cheese - login => username:admin,password:123456
[2022-02-16T21:54:20.698] [DEBUG] cheese - admin
[2022-02-16T21:54:20.721] [DEBUG] cheese - null
[2022-02-16T21:54:20.721] [DEBUG] cheese - null
[2022-02-24T23:15:46.456] [DEBUG] cheese - login => username:admin,password:123456
[2022-02-24T23:15:46.457] [DEBUG] cheese - admin
[2022-02-24T23:15:46.465] [DEBUG] cheese - null
[2022-02-24T23:15:46.466] [DEBUG] cheese - null
[2022-02-25T10:14:16.067] [DEBUG] cheese - login => username:admin,password:123456
[2022-02-25T10:14:16.075] [DEBUG] cheese - admin
[2022-02-25T10:14:16.125] [DEBUG] cheese - null
[2022-02-25T10:14:16.125] [DEBUG] cheese - null
[2022-02-25T11:05:24.264] [DEBUG] cheese - login => username:admin,password:123456
[2022-02-25T11:05:24.265] [DEBUG] cheese - admin
[2022-02-25T11:05:24.294] [DEBUG] cheese - null
[2022-02-25T11:05:24.295] [DEBUG] cheese - null
[2022-02-25T11:21:09.424] [DEBUG] cheese - login => username:admin,password:123456
[2022-02-25T11:21:09.426] [DEBUG] cheese - admin
[2022-02-25T11:21:09.440] [DEBUG] cheese - null
[2022-02-25T11:21:09.440] [DEBUG] cheese - null
[2022-02-25T11:26:12.277] [DEBUG] cheese - login => username:admin,password:123456
[2022-02-25T11:26:12.278] [DEBUG] cheese - admin
[2022-02-25T11:26:12.288] [DEBUG] cheese - null
[2022-02-25T11:26:12.289] [DEBUG] cheese - null
[2022-02-25T12:45:02.888] [DEBUG] cheese - login => username:admin,password:123456
[2022-02-25T12:45:02.890] [DEBUG] cheese - admin
[2022-02-25T12:45:02.892] [DEBUG] cheese - null
[2022-02-25T12:45:02.893] [DEBUG] cheese - null
[2022-02-25T15:32:17.922] [DEBUG] cheese - login => username:admin,password:123456
[2022-02-25T15:32:17.923] [DEBUG] cheese - admin
[2022-02-25T15:32:17.935] [DEBUG] cheese - null
[2022-02-25T15:32:17.935] [DEBUG] cheese - null
[2022-02-25T15:45:17.694] [DEBUG] cheese - login => username:admin,password:123456
[2022-02-25T15:45:17.695] [DEBUG] cheese - admin
[2022-02-25T15:45:17.710] [DEBUG] cheese - null
[2022-02-25T15:45:17.711] [DEBUG] cheese - null
[2022-02-25T15:47:30.544] [DEBUG] cheese - login => username:admin,password:123456
[2022-02-25T15:47:30.545] [DEBUG] cheese - admin
[2022-02-25T15:47:30.547] [DEBUG] cheese - null
[2022-02-25T15:47:30.547] [DEBUG] cheese - null
[2022-02-25T15:53:28.863] [DEBUG] cheese - null
[2022-02-25T16:02:14.648] [DEBUG] cheese - login => username:admin,password:123456
[2022-02-25T16:02:14.649] [DEBUG] cheese - admin
[2022-02-25T16:02:14.668] [DEBUG] cheese - null
[2022-02-25T16:02:14.668] [DEBUG] cheese - null
[2022-02-25T16:52:07.993] [DEBUG] cheese - login => username:admin,password:123456
[2022-02-25T16:52:07.994] [DEBUG] cheese - admin
[2022-02-25T16:52:07.996] [DEBUG] cheese - null
[2022-02-25T16:52:07.997] [DEBUG] cheese - null
[2022-02-25T16:53:37.227] [DEBUG] cheese - login => username:admin,password:123456
[2022-02-25T16:53:37.228] [DEBUG] cheese - admin
[2022-02-25T16:53:37.231] [DEBUG] cheese - null
[2022-02-25T16:53:37.231] [DEBUG] cheese - null
[2022-02-25T17:04:11.702] [DEBUG] cheese - login => username:admin,password:123456
[2022-02-25T17:04:11.702] [DEBUG] cheese - admin
[2022-02-25T17:04:11.711] [DEBUG] cheese - null
[2022-02-25T17:04:11.711] [DEBUG] cheese - null
[2022-02-25T17:04:49.514] [DEBUG] cheese - login => username:admin,password:123456
[2022-02-25T17:04:49.516] [DEBUG] cheese - admin
[2022-02-25T17:04:49.519] [DEBUG] cheese - null
[2022-02-25T17:04:49.519] [DEBUG] cheese - null
[2022-02-25T18:31:37.243] [DEBUG] cheese - login => username:admin,password:123456
[2022-02-25T18:31:37.248] [DEBUG] cheese - admin
[2022-02-25T18:31:37.265] [DEBUG] cheese - null
[2022-02-25T18:31:37.265] [DEBUG] cheese - null
[2022-02-25T18:54:06.985] [DEBUG] cheese - login => username:admin,password:123456
[2022-02-25T18:54:06.985] [DEBUG] cheese - admin
[2022-02-25T18:54:07.001] [DEBUG] cheese - null
[2022-02-25T18:54:07.001] [DEBUG] cheese - null
[2022-02-25T19:00:42.388] [DEBUG] cheese - login => username:admin,password:123456
[2022-02-25T19:00:42.389] [DEBUG] cheese - admin
[2022-02-25T19:00:42.396] [DEBUG] cheese - null
[2022-02-25T19:00:42.397] [DEBUG] cheese - null
[2022-02-25T19:31:23.089] [DEBUG] cheese - login => username:admin,password:123456
[2022-02-25T19:31:23.090] [DEBUG] cheese - admin
[2022-02-25T19:31:23.097] [DEBUG] cheese - null
[2022-02-25T19:31:23.098] [DEBUG] cheese - null
[2022-02-25T19:37:10.675] [DEBUG] cheese - login => username:admin,password:123456
[2022-02-25T19:37:10.675] [DEBUG] cheese - admin
[2022-02-25T19:37:10.689] [DEBUG] cheese - null
[2022-02-25T19:37:10.689] [DEBUG] cheese - null
[2022-02-25T19:38:48.280] [DEBUG] cheese - login => username:admin,password:123456
[2022-02-25T19:38:48.280] [DEBUG] cheese - admin
[2022-02-25T19:38:48.282] [DEBUG] cheese - null
[2022-02-25T19:38:48.282] [DEBUG] cheese - null
[2022-02-25T20:30:08.731] [DEBUG] cheese - login => username:admin,password:123456
[2022-02-25T20:30:08.734] [DEBUG] cheese - admin
[2022-02-25T20:30:08.741] [DEBUG] cheese - null
[2022-02-25T20:30:08.742] [DEBUG] cheese - null
[2022-02-25T20:35:19.665] [DEBUG] cheese - login => username:admin,password:123456
[2022-02-25T20:35:19.665] [DEBUG] cheese - admin
[2022-02-25T20:35:19.683] [DEBUG] cheese - null
[2022-02-25T20:35:19.683] [DEBUG] cheese - null
[2022-02-25T20:37:54.322] [DEBUG] cheese - login => username:admin,password:123456
[2022-02-25T20:37:54.322] [DEBUG] cheese - admin
[2022-02-25T20:37:54.324] [DEBUG] cheese - null
[2022-02-25T20:37:54.324] [DEBUG] cheese - null
[2022-02-25T21:11:20.247] [DEBUG] cheese - login => username:admin,password:123456
[2022-02-25T21:11:20.248] [DEBUG] cheese - admin
[2022-02-25T21:11:20.256] [DEBUG] cheese - null
[2022-02-25T21:11:20.257] [DEBUG] cheese - null
[2022-02-25T21:15:17.455] [DEBUG] cheese - login => username:admin,password:123456
[2022-02-25T21:15:17.456] [DEBUG] cheese - admin
[2022-02-25T21:15:17.467] [DEBUG] cheese - null
[2022-02-25T21:15:17.468] [DEBUG] cheese - null
[2022-02-25T21:15:55.742] [DEBUG] cheese - login => username:admin,password:123456
[2022-02-25T21:15:55.742] [DEBUG] cheese - admin
[2022-02-25T21:15:55.745] [DEBUG] cheese - null
[2022-02-25T21:15:55.745] [DEBUG] cheese - null
[2022-02-26T11:07:48.386] [DEBUG] cheese - login => username:admin,password:123456
[2022-02-26T11:07:48.387] [DEBUG] cheese - admin
[2022-02-26T11:07:48.414] [DEBUG] cheese - null
[2022-02-26T11:07:48.415] [DEBUG] cheese - null
[2022-02-26T11:11:32.947] [DEBUG] cheese - login => username:admin,password:123456
[2022-02-26T11:11:32.947] [DEBUG] cheese - admin
[2022-02-26T11:11:32.953] [DEBUG] cheese - null
[2022-02-26T11:11:32.953] [DEBUG] cheese - null
